Tech node (nm), Capacity (bytes), Number of banks, Associativity, Output width (bits), Access time (ns), Random cycle time (ns), Dynamic search energy (nJ), Dynamic read energy (nJ), Dynamic write energy (nJ), Standby leakage per bank(mW), Area (mm2), Ndwl, Ndbl, Nspd, Ndcm, Ndsam_level_1, Ndsam_level_2, Data arrary area efficiency %, Ntwl, Ntbl, Ntspd, Ntcm, Ntsam_level_1, Ntsam_level_2, Tag arrary area efficiency %, 
90, 131072, 1, 2, 512, 1.47098, 1.86851, N/A, 0.303592, 0.615022, 63.7023, 2.24949, 2, 2, 1, 2, 2, 1, 78.3192, 2, 2, 4, 1, 8, 1, 77.9289, 
90, 131072, 1, 2, 512, 1.47098, 1.86851, N/A, 0.303592, 0.615022, 63.7023, 2.24949, 2, 2, 1, 2, 2, 1, 78.3192, 2, 2, 4, 1, 8, 1, 77.9289, 
90, 32768, 1, 8, 512, 2.29369, 9.97471, N/A, 0.72895, 0.684048, 17.5295, 1.48477, 2, 2, 1, 1, 8, 2, 24.3951, 2, 2, 0.5, 1, 1, 1, 72.1199, 
90, 65536, 1, 8, 512, 2.42581, 10.0942, N/A, 0.759647, 0.73921, 32.3806, 1.86797, 2, 2, 1, 1, 8, 2, 38.7524, 2, 2, 0.5, 1, 1, 1, 77.1744, 
90, 131072, 1, 8, 512, 2.65835, 10.2732, N/A, 0.825942, 0.794309, 61.7041, 2.72061, 2, 2, 1, 1, 8, 2, 54.9431, 2, 2, 1, 1, 2, 1, 78.5053, 
90, 1048576, 1, 8, 512, 3.95873, 4.46208, N/A, 1.44415, 1.95264, 480.968, 16.678, 4, 2, 1, 1, 8, 1, 75.2264, 2, 2, 2, 1, 4, 1, 86.3618, 
90, 2097152, 1, 8, 512, 4.97438, 4.46208, N/A, 1.9145, 2.31717, 954.832, 36.9919, 4, 4, 1, 1, 8, 1, 73.3508, 2, 4, 4, 1, 8, 1, 85.4733, 
90, 4194304, 1, 8, 512, 6.60913, 4.46208, N/A, 2.72672, 3.13959, 1906.29, 88.2912, 4, 8, 1, 1, 8, 1, 69.7831, 4, 4, 8, 1, 8, 1, 85.2439, 
90, 8388608, 1, 8, 512, 8.85425, 11.6122, N/A, 4.23015, 4.29639, 3707.03, 140.276, 4, 8, 2, 2, 8, 1, 76.4582, 4, 4, 8, 1, 16, 1, 87.5589, 
90, 16777216, 1, 8, 512, 12.1903, 5.67871, N/A, 5.66127, 6.57792, 7573.7, 313.615, 8, 8, 2, 1, 8, 1, 78.8958, 8, 8, 16, 1, 32, 1, 83.803, 
90, 33554432, 1, 8, 512, 16.0888, 12.8301, N/A, 8.28546, 8.19367, 14792.7, 514.15, 8, 8, 4, 2, 8, 1, 83.2262, 8, 32, 16, 1, 8, 1, 80.5739, 
90, 67108864, 1, 8, 512, 22.0822, 12.8301, N/A, 11.2214, 11.1942, 29659.1, 1031.45, 8, 16, 4, 2, 8, 1, 82.8468, 16, 32, 16, 1, 4, 1, 80.0405, 
90, 134217728, 1, 8, 512, 30.5195, 12.8301, N/A, 16.015, 16.3611, 59085.4, 2005.16, 16, 16, 8, 2, 8, 1, 84.8986, 32, 32, 32, 1, 32, 1, 79.8855, 
90, 1073741824, 1, 8, 512, 77.0922, 15.5265, N/A, 42.797, 42.7717, 472207, 17206.7, 32, 32, 16, 2, 8, 1, 89.2559, 128, 256, 128, 1, 8, 1, 70.0823, 
90, 262144, 1, 8, 512, 2.77869, 3.61034, N/A, 1.04709, 1.20268, 123.337, 6.294, 4, 2, 1, 1, 8, 1, 47.3699, 2, 2, 1, 1, 2, 1, 81.6532, 
90, 524288, 1, 8, 512, 3.13704, 3.88777, N/A, 1.18587, 1.42122, 242.417, 10.0111, 4, 2, 1, 1, 8, 1, 62.888, 2, 2, 2, 1, 4, 1, 84.4912, 
90, 268435456, 1, 8, 512, 40.9488, 8.37291, N/A, 21.1305, 22.8748, 121045, 3967.18, 32, 16, 8, 1, 8, 1, 85.2475, 32, 128, 32, 1, 8, 1, 76.9864, 
90, 536870912, 1, 8, 512, 56.0033, 15.5265, N/A, 31.7049, 31.7627, 235428, 7686.77, 32, 16, 16, 2, 8, 1, 87.7214, 64, 128, 64, 1, 32, 1, 75.0909, 
90, 1073741824, 1, 8, 512, 77.0922, 15.5265, N/A, 42.797, 42.7717, 472207, 17206.7, 32, 32, 16, 2, 8, 1, 89.2559, 128, 256, 128, 1, 8, 1, 70.0823, 
90, 262144, 1, 1, 512, 1.95313, 3.89324, N/A, 0.570652, 0.764042, 120.772, 3.93711, 2, 2, 4, 8, 1, 1, 79.8002, 2, 2, 8, 1, 16, 1, 80.5374, 
90, 262144, 1, 2, 512, 1.95586, 3.89324, N/A, 0.579359, 0.780991, 121.046, 3.95115, 2, 2, 2, 4, 2, 1, 79.7572, 2, 2, 4, 1, 8, 1, 81.1281, 
90, 262144, 1, 4, 512, 1.96104, 3.89324, N/A, 0.59288, 0.812509, 121.492, 3.96593, 2, 2, 1, 2, 4, 1, 79.7405, 2, 2, 2, 1, 4, 1, 81.7029, 
90, 262144, 1, 16, 512, 4.809, 10.2732, N/A, 1.92748, 2.05573, 124.44, 9.09843, 4, 2, 1, 1, 16, 1, 31.7591, 2, 2, 0.5, 1, 1, 1, 81.925, 
90, 262144, 1, 4096, 512, 5.26487, 4.23433, 3.80008, 1.27411, 1.46312, 225.353, 20.0263, 1, 32, 1, 1, 1, 1, 30.5198, N/A, N/A, N/A, N/A, N/A, N/A, N/A, 
90, 1048576, 1, 16384, 512, 7.54315, 4.23433, 10.8554, 2.7133, 2.90231, 786.029, 66.632, 1, 128, 1, 1, 1, 1, 36.691, N/A, N/A, N/A, N/A, N/A, N/A, N/A, 
90, 1048576, 1, 1, 512, 3.56072, 3.89324, N/A, 1.24206, 1.3886, 476.618, 24.0798, 2, 8, 4, 8, 1, 1, 61.948, 2, 2, 32, 1, 64, 1, 84.8865, 
90, 1048576, 1, 2, 512, 3.59361, 3.89324, N/A, 1.23064, 1.42088, 480.115, 21.291, 2, 8, 2, 4, 2, 1, 61.9252, 2, 2, 8, 16, 1, 1, 85.7243, 
90, 1048576, 1, 4, 512, 3.608, 3.89324, N/A, 1.25214, 1.47534, 481.418, 21.4073, 2, 8, 1, 2, 4, 1, 61.9112, 2, 2, 4, 1, 4, 2, 85.6381, 
90, 1048576, 1, 16, 512, 5.4195, 10.9615, N/A, 2.32477, 2.58142, 474.174, 18.7912, 4, 2, 1, 1, 16, 1, 63.2345, 2, 2, 1, 1, 2, 1, 86.3552, 
